This is pdfTeX, Version 3.141592653-2.6-1.40.27 (TeX Live 2026/dev/Arch Linux) (preloaded format=pdflatex 2025.4.1)  3 APR 2025 13:55
entering extended mode
 restricted \write18 enabled.
 file:line:error style messages enabled.
 %&-line parsing enabled.
**main.tex
(./main.tex
LaTeX2e <2024-11-01> patch level 2
L3 programming layer <2025-01-18>
(/usr/share/texmf-dist/tex/latex/base/article.cls
Document Class: article 2024/06/29 v1.4n Standard LaTeX document class
(/usr/share/texmf-dist/tex/latex/base/size10.clo
File: size10.clo 2024/06/29 v1.4n Standard LaTeX file (size option)
)
\c@part=\count196
\c@section=\count197
\c@subsection=\count198
\c@subsubsection=\count199
\c@paragraph=\count266
\c@subparagraph=\count267
\c@figure=\count268
\c@table=\count269
\abovecaptionskip=\skip49
\belowcaptionskip=\skip50
\bibindent=\dimen141
) (/usr/share/texmf-dist/tex/generic/babel/babel.sty
Package: babel 2025/02/14 v25.4 The multilingual framework for pdfLaTeX, LuaLaTeX and XeLaTeX
\babel@savecnt=\count270
\U@D=\dimen142
\l@unhyphenated=\language3
 (/usr/share/texmf-dist/tex/generic/babel/txtbabel.def)
\bbl@readstream=\read2
\bbl@dirlevel=\count271
Package babel Info: You haven't specified a language as a class or package
(babel)             option. I'll load 'nil'. Reported on input line 4188.
 (/usr/share/texmf-dist/tex/generic/babel/nil.ldf
Language: nil 2025/02/14 v25.4 Nil language
\l@nil=\language4
)) (/usr/share/texmf-dist/tex/latex/base/inputenc.sty
Package: inputenc 2024/02/08 v1.3d Input encoding file
\inpenc@prehook=\toks17
\inpenc@posthook=\toks18
) (/usr/share/texmf-dist/tex/latex/amsmath/amsmath.sty
Package: amsmath 2024/11/05 v2.17t AMS math features
\@mathmargin=\skip51

For additional information on amsmath, use the `?' option.
(/usr/share/texmf-dist/tex/latex/amsmath/amstext.sty
Package: amstext 2021/08/26 v2.01 AMS text
 (/usr/share/texmf-dist/tex/latex/amsmath/amsgen.sty
File: amsgen.sty 1999/11/30 v2.0 generic functions
\@emptytoks=\toks19
\ex@=\dimen143
)) (/usr/share/texmf-dist/tex/latex/amsmath/amsbsy.sty
Package: amsbsy 1999/11/29 v1.2d Bold Symbols
\pmbraise@=\dimen144
) (/usr/share/texmf-dist/tex/latex/amsmath/amsopn.sty
Package: amsopn 2022/04/08 v2.04 operator names
)
\inf@bad=\count272
LaTeX Info: Redefining \frac on input line 233.
\uproot@=\count273
\leftroot@=\count274
LaTeX Info: Redefining \overline on input line 398.
LaTeX Info: Redefining \colon on input line 409.
\classnum@=\count275
\DOTSCASE@=\count276
LaTeX Info: Redefining \ldots on input line 495.
LaTeX Info: Redefining \dots on input line 498.
LaTeX Info: Redefining \cdots on input line 619.
\Mathstrutbox@=\box52
\strutbox@=\box53
LaTeX Info: Redefining \big on input line 721.
LaTeX Info: Redefining \Big on input line 722.
LaTeX Info: Redefining \bigg on input line 723.
LaTeX Info: Redefining \Bigg on input line 724.
\big@size=\dimen145
LaTeX Font Info:    Redeclaring font encoding OML on input line 742.
LaTeX Font Info:    Redeclaring font encoding OMS on input line 743.
\macc@depth=\count277
LaTeX Info: Redefining \bmod on input line 904.
LaTeX Info: Redefining \pmod on input line 909.
LaTeX Info: Redefining \smash on input line 939.
LaTeX Info: Redefining \relbar on input line 969.
LaTeX Info: Redefining \Relbar on input line 970.
\c@MaxMatrixCols=\count278
\dotsspace@=\muskip17
\c@parentequation=\count279
\dspbrk@lvl=\count280
\tag@help=\toks20
\row@=\count281
\column@=\count282
\maxfields@=\count283
\andhelp@=\toks21
\eqnshift@=\dimen146
\alignsep@=\dimen147
\tagshift@=\dimen148
\tagwidth@=\dimen149
\totwidth@=\dimen150
\lineht@=\dimen151
\@envbody=\toks22
\multlinegap=\skip52
\multlinetaggap=\skip53
\mathdisplay@stack=\toks23
LaTeX Info: Redefining \[ on input line 2953.
LaTeX Info: Redefining \] on input line 2954.
) (/usr/share/texmf-dist/tex/latex/amsfonts/amssymb.sty
Package: amssymb 2013/01/14 v3.01 AMS font symbols
 (/usr/share/texmf-dist/tex/latex/amsfonts/amsfonts.sty
Package: amsfonts 2013/01/14 v3.01 Basic AMSFonts support
\symAMSa=\mathgroup4
\symAMSb=\mathgroup5
LaTeX Font Info:    Redeclaring math symbol \hbar on input line 98.
LaTeX Font Info:    Overwriting math alphabet `\mathfrak' in version `bold'
(Font)                  U/euf/m/n --> U/euf/b/n on input line 106.
)) (/usr/share/texmf-dist/tex/latex/tools/longtable.sty
Package: longtable 2024-10-27 v4.22 Multi-page Table package (DPC)
\LTleft=\skip54
\LTright=\skip55
\LTpre=\skip56
\LTpost=\skip57
\LTchunksize=\count284
\LTcapwidth=\dimen152
\LT@head=\box54
\LT@firsthead=\box55
\LT@foot=\box56
\LT@lastfoot=\box57
\LT@gbox=\box58
\LT@cols=\count285
\LT@rows=\count286
\c@LT@tables=\count287
\c@LT@chunks=\count288
\LT@p@ftn=\toks24
) (/usr/share/texmf-dist/tex/latex/xltabular/xltabular.sty
Package: xltabular 2025/02/28 v0.2i `xltabular' package (hv,RN)
 (/usr/share/texmf-dist/tex/latex/tools/tabularx.sty
Package: tabularx 2023/12/11 v2.12a `tabularx' package (DPC)
 (/usr/share/texmf-dist/tex/latex/tools/array.sty
Package: array 2024/10/17 v2.6g Tabular extension package (FMi)
\col@sep=\dimen153
\ar@mcellbox=\box59
\extrarowheight=\dimen154
\NC@list=\toks25
\extratabsurround=\skip58
\backup@length=\skip59
\ar@cellbox=\box60
)
\TX@col@width=\dimen155
\TX@old@table=\dimen156
\TX@old@col=\dimen157
\TX@target=\dimen158
\TX@delta=\dimen159
\TX@cols=\count289
\TX@ftn=\toks26
) (/usr/share/texmf-dist/tex/latex/etoolbox/etoolbox.sty
Package: etoolbox 2025/02/11 v2.5l e-TeX tools for LaTeX (JAW)
\etb@tempcnta=\count290
) (/usr/share/texmf-dist/tex/latex/ltablex/ltablex.sty
Package: ltablex 2014/08/13 v1.1 Modified tabularx
)) (/usr/share/texmf-dist/tex/latex/tabularray/tabularray.sty (/usr/share/texmf-dist/tex/latex/l3kernel/expl3.sty
Package: expl3 2025-01-18 L3 programming layer (loader) 
 (/usr/share/texmf-dist/tex/latex/l3backend/l3backend-pdftex.def
File: l3backend-pdftex.def 2024-05-08 L3 backend support: PDF output (pdfTeX)
\l__color_backend_stack_int=\count291
\l__pdf_internal_box=\box61
))
Package: tabularray 2024-02-16 v2024A Typeset tabulars and arrays with LaTeX3
\l__tblr_a_int=\count292
\l__tblr_c_int=\count293
\l__tblr_r_int=\count294
\l__tblr_d_dim=\dimen160
\l__tblr_h_dim=\dimen161
\l__tblr_o_dim=\dimen162
\l__tblr_p_dim=\dimen163
\l__tblr_q_dim=\dimen164
\l__tblr_r_dim=\dimen165
\l__tblr_s_dim=\dimen166
\l__tblr_t_dim=\dimen167
\l__tblr_v_dim=\dimen168
\l__tblr_w_dim=\dimen169
\l__tblr_a_box=\box62
\l__tblr_b_box=\box63
\l__tblr_c_box=\box64
\l__tblr_d_box=\box65
\g__tblr_table_count_int=\count295
\c@rownum=\count296
\c@colnum=\count297
\c@rowcount=\count298
\c@colcount=\count299
\abovesep=\dimen170
\belowsep=\dimen171
\leftsep=\dimen172
\rightsep=\dimen173
\g_tblr_level_int=\count300
\g__tblr_data_row_key_count_int=\count301
\g__tblr_data_column_key_count_int=\count302
\g__tblr_data_cell_key_count_int=\count303
\g__tblr_array_int=\count304
\l__tblr_key_count_int=\count305
\l__tblr_key_quotient_int=\count306
\l__tblr_key_quotient_two_int=\count307
\l__tblr_key_remainder_int=\count308
\g__tblr_data_str_value_count_int=\count309
\rulewidth=\dimen174
\l__tblr_strut_dp_dim=\dimen175
\l__tblr_strut_ht_dim=\dimen176
\g__tblr_cell_wd_dim=\dimen177
\g__tblr_cell_ht_dim=\dimen178
\g__tblr_cell_head_dim=\dimen179
\g__tblr_cell_foot_dim=\dimen180
\l__column_target_dim=\dimen181
\l__tblr_caption_box=\box66
\l__tblr_caption_left_box=\box67
\l__tblr_row_head_box=\box68
\l__tblr_row_foot_box=\box69
\l__tblr_row_head_foot_dim=\dimen182
\tablewidth=\dimen183
\l__tblr_table_firsthead_box=\box70
\l__tblr_table_middlehead_box=\box71
\l__tblr_table_lasthead_box=\box72
\l__tblr_table_firstfoot_box=\box73
\l__tblr_table_middlefoot_box=\box74
\l__tblr_table_lastfoot_box=\box75
\l__tblr_remain_height_dim=\dimen184
\l__tblr_long_from_int=\count310
\l__tblr_long_to_int=\count311
\l__tblr_curr_i_int=\count312
\l__tblr_prev_i_int=\count313
\l__tblr_table_page_int=\count314
\l__tblr_table_head_box=\box76
\l__tblr_table_foot_box=\box77
\l__tblr_table_head_foot_dim=\dimen185
\l__tblr_table_head_body_foot_dim=\dimen186
\l__tblr_table_box=\box78
\l__tblr_table_hlines_box=\box79
\l__tblr_hline_box=\box80
\l__tblr_row_box=\box81
\l__tblr_col_o_wd_dim=\dimen187
\l__tblr_col_b_wd_dim=\dimen188
\l__tblr_hline_leftskip_dim=\dimen189
\l__tblr_hline_rightskip_dim=\dimen190
\l__tblr_row_ht_dim=\dimen191
\l__tblr_row_dp_dim=\dimen192
\l__tblr_row_abovesep_dim=\dimen193
\l__tblr_row_belowsep_dim=\dimen194
\l__tblr_row_vlines_box=\box82
\l__tblr_vline_box=\box83
\l__tblr_cell_box=\box84
\l__row_upper_dim=\dimen195
\l__row_lower_dim=\dimen196
\l__row_vpace_dim=\dimen197
\l__tblr_vline_aboveskip_dim=\dimen198
\l__tblr_vline_belowskip_dim=\dimen199
\l__tblr_cell_wd_dim=\dimen256
\l__tblr_cell_ht_dim=\dimen257
\l__tblr_diag_box=\box85
) (/usr/share/texmf-dist/tex/latex/graphics/graphicx.sty
Package: graphicx 2021/09/16 v1.2d Enhanced LaTeX Graphics (DPC,SPQR)
 (/usr/share/texmf-dist/tex/latex/graphics/keyval.sty
Package: keyval 2022/05/29 v1.15 key=value parser (DPC)
\KV@toks@=\toks27
) (/usr/share/texmf-dist/tex/latex/graphics/graphics.sty
Package: graphics 2024/08/06 v1.4g Standard LaTeX Graphics (DPC,SPQR)
 (/usr/share/texmf-dist/tex/latex/graphics/trig.sty
Package: trig 2023/12/02 v1.11 sin cos tan (DPC)
) (/usr/share/texmf-dist/tex/latex/graphics-cfg/graphics.cfg
File: graphics.cfg 2016/06/04 v1.11 sample graphics configuration
)
Package graphics Info: Driver file: pdftex.def on input line 106.
 (/usr/share/texmf-dist/tex/latex/graphics-def/pdftex.def
File: pdftex.def 2024/04/13 v1.2c Graphics/color driver for pdftex
))
\Gin@req@height=\dimen258
\Gin@req@width=\dimen259
) (/usr/share/texmf-dist/tex/latex/graphics/color.sty
Package: color 2024/06/23 v1.3e Standard LaTeX Color (DPC)
 (/usr/share/texmf-dist/tex/latex/graphics-cfg/color.cfg
File: color.cfg 2016/01/02 v1.6 sample color configuration
)
Package color Info: Driver file: pdftex.def on input line 149.
 (/usr/share/texmf-dist/tex/latex/graphics/mathcolor.ltx)) (/usr/share/texmf-dist/tex/latex/subfigure/subfigure.sty
Package: subfigure 2002/03/15 v2.1.5 subfigure package
\subfigtopskip=\skip60
\subfigcapskip=\skip61
\subfigcaptopadj=\dimen260
\subfigbottomskip=\skip62
\subfigcapmargin=\dimen261
\subfiglabelskip=\skip63
\c@subfigure=\count315
\c@lofdepth=\count316
\c@subtable=\count317
\c@lotdepth=\count318

****************************************
* Local config file subfigure.cfg used *
****************************************
(/usr/share/texmf-dist/tex/latex/subfigure/subfigure.cfg)
\subfig@top=\skip64
\subfig@bottom=\skip65
) (/usr/share/texmf-dist/tex/latex/float/float.sty
Package: float 2001/11/08 v1.3d Float enhancements (AL)
\c@float@type=\count319
\float@exts=\toks28
\float@box=\box86
\@float@everytoks=\toks29
\@floatcapt=\box87
) (/usr/share/texmf-dist/tex/latex/capt-of/capt-of.sty
Package: capt-of 2009/12/29 v0.2 standard captions outside of floats
) (/usr/share/texmf-dist/tex/latex/sidecap/sidecap.sty
Package: sidecap 2023/01/24 v1.7a SideCap Package (RN/HjG)
 (/usr/share/texmf-dist/tex/latex/base/ifthen.sty
Package: ifthen 2024/03/16 v1.1e Standard LaTeX ifthen package (DPC)
)
\SC@BOXWD=\dimen262
\SC@CAPWD=\dimen263
\SC@tempdima=\dimen264
\SC@tempdimb=\dimen265
\c@SC@C=\count320
\SC@BOX=\box88
) (/usr/share/texmf-dist/tex/latex/caption/caption.sty
Package: caption 2023/08/05 v3.6o Customizing captions (AR)
 (/usr/share/texmf-dist/tex/latex/caption/caption3.sty
Package: caption3 2023/07/31 v2.4d caption3 kernel (AR)
\caption@tempdima=\dimen266
\captionmargin=\dimen267
\caption@leftmargin=\dimen268
\caption@rightmargin=\dimen269
\caption@width=\dimen270
\caption@indent=\dimen271
\caption@parindent=\dimen272
\caption@hangindent=\dimen273
Package caption Info: Standard document class detected.
)
\c@caption@flags=\count321
\c@continuedfloat=\count322
Package caption Info: float package is loaded.
Package caption Info: longtable package is loaded.
 (/usr/share/texmf-dist/tex/latex/caption/ltcaption.sty
Package: ltcaption 2021/01/08 v1.4c longtable captions (AR)
)
Package caption Info: sidecap package is loaded.
Package caption Info: subfigure package is loaded.
) (/usr/share/texmf-dist/tex/latex/commath/commath.sty) (/usr/share/texmf-dist/tex/latex/cancel/cancel.sty
Package: cancel 2013/04/12 v2.2 Cancel math terms
) (/usr/share/texmf-dist/tex/latex/anysize/anysize.sty
Package: anysize 1994/08/13 setting margin sizes

document style option `anysize' loaded
Michael Salzenberg, Thomas Esser, Dirk Hillbrecht
Version 1.0, Aug 13, 1994
\@Leftmargin=\dimen274
\@Rightmargin=\dimen275
\@Topmargin=\dimen276
\@Bottommargin=\dimen277
) (/usr/share/texmf-dist/tex/latex/appendix/appendix.sty
Package: appendix 2020/02/08 v1.2c extra appendix facilities
\c@@pps=\count323
\c@@ppsavesec=\count324
\c@@ppsaveapp=\count325
) (/usr/share/texmf-dist/tex/latex/hyperref/hyperref.sty
Package: hyperref 2024-11-05 v7.01l Hypertext links for LaTeX
 (/usr/share/texmf-dist/tex/generic/iftex/iftex.sty
Package: iftex 2024/12/12 v1.0g TeX engine tests
) (/usr/share/texmf-dist/tex/latex/kvsetkeys/kvsetkeys.sty
Package: kvsetkeys 2022-10-05 v1.19 Key value parser (HO)
) (/usr/share/texmf-dist/tex/generic/kvdefinekeys/kvdefinekeys.sty
Package: kvdefinekeys 2019-12-19 v1.6 Define keys (HO)
) (/usr/share/texmf-dist/tex/generic/pdfescape/pdfescape.sty
Package: pdfescape 2019/12/09 v1.15 Implements pdfTeX's escape features (HO)
 (/usr/share/texmf-dist/tex/generic/ltxcmds/ltxcmds.sty
Package: ltxcmds 2023-12-04 v1.26 LaTeX kernel commands for general use (HO)
) (/usr/share/texmf-dist/tex/generic/pdftexcmds/pdftexcmds.sty
Package: pdftexcmds 2020-06-27 v0.33 Utility functions of pdfTeX for LuaTeX (HO)
 (/usr/share/texmf-dist/tex/generic/infwarerr/infwarerr.sty
Package: infwarerr 2019/12/03 v1.5 Providing info/warning/error messages (HO)
)
Package pdftexcmds Info: \pdf@primitive is available.
Package pdftexcmds Info: \pdf@ifprimitive is available.
Package pdftexcmds Info: \pdfdraftmode found.
)) (/usr/share/texmf-dist/tex/latex/hycolor/hycolor.sty
Package: hycolor 2020-01-27 v1.10 Color options for hyperref/bookmark (HO)
) (/usr/share/texmf-dist/tex/latex/hyperref/nameref.sty
Package: nameref 2023-11-26 v2.56 Cross-referencing by name of section
 (/usr/share/texmf-dist/tex/latex/refcount/refcount.sty
Package: refcount 2019/12/15 v3.6 Data extraction from label references (HO)
) (/usr/share/texmf-dist/tex/generic/gettitlestring/gettitlestring.sty
Package: gettitlestring 2019/12/15 v1.6 Cleanup title references (HO)
 (/usr/share/texmf-dist/tex/latex/kvoptions/kvoptions.sty
Package: kvoptions 2022-06-15 v3.15 Key value format for package options (HO)
))
\c@section@level=\count326
) (/usr/share/texmf-dist/tex/generic/stringenc/stringenc.sty
Package: stringenc 2019/11/29 v1.12 Convert strings between diff. encodings (HO)
)
\@linkdim=\dimen278
\Hy@linkcounter=\count327
\Hy@pagecounter=\count328
 (/usr/share/texmf-dist/tex/latex/hyperref/pd1enc.def
File: pd1enc.def 2024-11-05 v7.01l Hyperref: PDFDocEncoding definition (HO)
Now handling font encoding PD1 ...
... no UTF-8 mapping file for font encoding PD1
) (/usr/share/texmf-dist/tex/generic/intcalc/intcalc.sty
Package: intcalc 2019/12/15 v1.3 Expandable calculations with integers (HO)
)
\Hy@SavedSpaceFactor=\count329
 (/usr/share/texmf-dist/tex/latex/hyperref/puenc.def
File: puenc.def 2024-11-05 v7.01l Hyperref: PDF Unicode definition (HO)
Now handling font encoding PU ...
... no UTF-8 mapping file for font encoding PU
)
Package hyperref Info: Option `colorlinks' set `true' on input line 4040.
Package hyperref Info: Option `plainpages' set `true' on input line 4040.
Package hyperref Info: Hyper figures OFF on input line 4157.
Package hyperref Info: Link nesting OFF on input line 4162.
Package hyperref Info: Hyper index ON on input line 4165.
Package hyperref Info: Plain pages ON on input line 4170.
Package hyperref Info: Backreferencing OFF on input line 4177.
Package hyperref Info: Implicit mode ON; LaTeX internals redefined.
Package hyperref Info: Bookmarks ON on input line 4424.
\c@Hy@tempcnt=\count330
 (/usr/share/texmf-dist/tex/latex/url/url.sty
\Urlmuskip=\muskip18
Package: url 2013/09/16  ver 3.4  Verb mode for urls, etc.
)
LaTeX Info: Redefining \url on input line 4763.
\XeTeXLinkMargin=\dimen279
 (/usr/share/texmf-dist/tex/generic/bitset/bitset.sty
Package: bitset 2019/12/09 v1.3 Handle bit-vector datatype (HO)
 (/usr/share/texmf-dist/tex/generic/bigintcalc/bigintcalc.sty
Package: bigintcalc 2019/12/15 v1.5 Expandable calculations on big integers (HO)
))
\Fld@menulength=\count331
\Field@Width=\dimen280
\Fld@charsize=\dimen281
Package hyperref Info: Hyper figures OFF on input line 6042.
Package hyperref Info: Link nesting OFF on input line 6047.
Package hyperref Info: Hyper index ON on input line 6050.
Package hyperref Info: backreferencing OFF on input line 6057.
Package hyperref Info: Link coloring ON on input line 6060.
Package hyperref Info: Link coloring with OCG OFF on input line 6067.
Package hyperref Info: PDF/A mode OFF on input line 6072.
 (/usr/share/texmf-dist/tex/latex/base/atbegshi-ltx.sty
Package: atbegshi-ltx 2021/01/10 v1.0c Emulation of the original atbegshi
package with kernel methods
)
\Hy@abspage=\count332
\c@Item=\count333
\c@Hfootnote=\count334
)
Package hyperref Info: Driver (autodetected): hpdftex.
 (/usr/share/texmf-dist/tex/latex/hyperref/hpdftex.def
File: hpdftex.def 2024-11-05 v7.01l Hyperref driver for pdfTeX
 (/usr/share/texmf-dist/tex/latex/base/atveryend-ltx.sty
Package: atveryend-ltx 2020/08/19 v1.0a Emulation of the original atveryend package
with kernel methods
)
\Fld@listcount=\count335
\c@bookmark@seq@number=\count336
 (/usr/share/texmf-dist/tex/latex/rerunfilecheck/rerunfilecheck.sty
Package: rerunfilecheck 2022-07-10 v1.10 Rerun checks for auxiliary files (HO)
 (/usr/share/texmf-dist/tex/generic/uniquecounter/uniquecounter.sty
Package: uniquecounter 2019/12/15 v1.4 Provide unlimited unique counter (HO)
)
Package uniquecounter Info: New unique counter `rerunfilecheck' on input line 285.
)
\Hy@SectionHShift=\skip66
) (/usr/share/texmf-dist/tex/latex/fancyhdr/fancyhdr.sty
Package: fancyhdr 2025/02/07 v5.2 Extensive control of page headers and footers
\f@nch@headwidth=\skip67
\f@nch@offset@elh=\skip68
\f@nch@offset@erh=\skip69
\f@nch@offset@olh=\skip70
\f@nch@offset@orh=\skip71
\f@nch@offset@elf=\skip72
\f@nch@offset@erf=\skip73
\f@nch@offset@olf=\skip74
\f@nch@offset@orf=\skip75
\f@nch@height=\skip76
\f@nch@footalignment=\skip77
\f@nch@widthL=\skip78
\f@nch@widthC=\skip79
\f@nch@widthR=\skip80
\@temptokenb=\toks30
) (/usr/share/texmf-dist/tex/latex/listings/listings.sty
\lst@mode=\count337
\lst@gtempboxa=\box89
\lst@token=\toks31
\lst@length=\count338
\lst@currlwidth=\dimen282
\lst@column=\count339
\lst@pos=\count340
\lst@lostspace=\dimen283
\lst@width=\dimen284
\lst@newlines=\count341
\lst@lineno=\count342
\lst@maxwidth=\dimen285
 (/usr/share/texmf-dist/tex/latex/listings/lstpatch.sty
File: lstpatch.sty 2024/09/23 1.10c (Carsten Heinz)
) (/usr/share/texmf-dist/tex/latex/listings/lstmisc.sty
File: lstmisc.sty 2024/09/23 1.10c (Carsten Heinz)
\c@lstnumber=\count343
\lst@skipnumbers=\count344
\lst@framebox=\box90
) (/usr/share/texmf-dist/tex/latex/listings/listings.cfg
File: listings.cfg 2024/09/23 1.10c listings configuration
))
Package: listings 2024/09/23 1.10c (Carsten Heinz)
 (/usr/share/texmf-dist/tex/latex/listings/lstlang1.sty
File: lstlang1.sty 2024/09/23 1.10c listings language file
) (./main.aux)
\openout1 = `main.aux'.

LaTeX Font Info:    Checking defaults for OML/cmm/m/it on input line 82.
LaTeX Font Info:    ... okay on input line 82.
LaTeX Font Info:    Checking defaults for OMS/cmsy/m/n on input line 82.
LaTeX Font Info:    ... okay on input line 82.
LaTeX Font Info:    Checking defaults for OT1/cmr/m/n on input line 82.
LaTeX Font Info:    ... okay on input line 82.
LaTeX Font Info:    Checking defaults for T1/cmr/m/n on input line 82.
LaTeX Font Info:    ... okay on input line 82.
LaTeX Font Info:    Checking defaults for TS1/cmr/m/n on input line 82.
LaTeX Font Info:    ... okay on input line 82.
LaTeX Font Info:    Checking defaults for OMX/cmex/m/n on input line 82.
LaTeX Font Info:    ... okay on input line 82.
LaTeX Font Info:    Checking defaults for U/cmr/m/n on input line 82.
LaTeX Font Info:    ... okay on input line 82.
LaTeX Font Info:    Checking defaults for PD1/pdf/m/n on input line 82.
LaTeX Font Info:    ... okay on input line 82.
LaTeX Font Info:    Checking defaults for PU/pdf/m/n on input line 82.
LaTeX Font Info:    ... okay on input line 82.
 (/usr/share/texmf-dist/tex/context/base/mkii/supp-pdf.mkii
[Loading MPS to PDF converter (version 2006.09.02).]
\scratchcounter=\count345
\scratchdimen=\dimen286
\scratchbox=\box91
\nofMPsegments=\count346
\nofMParguments=\count347
\everyMPshowfont=\toks32
\MPscratchCnt=\count348
\MPscratchDim=\dimen287
\MPnumerator=\count349
\makeMPintoPDFobject=\count350
\everyMPtoPDFconversion=\toks33
) (/usr/share/texmf-dist/tex/latex/epstopdf-pkg/epstopdf-base.sty
Package: epstopdf-base 2020-01-24 v2.11 Base part for package epstopdf
Package epstopdf-base Info: Redefining graphics rule for `.eps' on input line 485.
 (/usr/share/texmf-dist/tex/latex/latexconfig/epstopdf-sys.cfg
File: epstopdf-sys.cfg 2010/07/13 v1.3 Configuration of (r)epstopdf for TeX Live
)) (/usr/share/texmf-dist/tex/latex/ragged2e/ragged2e.sty
Package: ragged2e 2023/06/22 v3.6 ragged2e Package
\CenteringLeftskip=\skip81
\RaggedLeftLeftskip=\skip82
\RaggedRightLeftskip=\skip83
\CenteringRightskip=\skip84
\RaggedLeftRightskip=\skip85
\RaggedRightRightskip=\skip86
\CenteringParfillskip=\skip87
\RaggedLeftParfillskip=\skip88
\RaggedRightParfillskip=\skip89
\JustifyingParfillskip=\skip90
\CenteringParindent=\skip91
\RaggedLeftParindent=\skip92
\RaggedRightParindent=\skip93
\JustifyingParindent=\skip94
)
Package caption Info: Begin \AtBeginDocument code.
Package caption Info: hyperref package is loaded.
Package caption Info: listings package is loaded.
Package caption Info: End \AtBeginDocument code.
Package hyperref Info: Link coloring ON on input line 82.
 (./main.out) (./main.out)
\@outlinefile=\write3
\openout3 = `main.out'.

\c@lstlisting=\count351
<./images/UNI.png, id=72, 1204.5pt x 1514.65875pt>
File: ./images/UNI.png Graphic file (type png)
<use ./images/UNI.png>
Package pdftex.def Info: ./images/UNI.png  used on input line 99.
(pdftex.def)             Requested size: 180.6672pt x 227.18901pt.
LaTeX Font Info:    Trying to load font information for U+msa on input line 111.
 (/usr/share/texmf-dist/tex/latex/amsfonts/umsa.fd
File: umsa.fd 2013/01/14 v3.01 AMS symbols A
)
LaTeX Font Info:    Trying to load font information for U+msb on input line 111.
 (/usr/share/texmf-dist/tex/latex/amsfonts/umsb.fd
File: umsb.fd 2013/01/14 v3.01 AMS symbols B
)

[1{/var/lib/texmf/fonts/map/pdftex/updmap/pdftex.map}

 <./images/UNI.png>] (./main.toc)
\tf@toc=\write4
\openout4 = `main.toc'.



[2]
Underfull \hbox (badness 10000) in paragraph at lines 192--193

 []


./main.tex:196: Package keyval Error: center undefined.

See the keyval package documentation for explanation.
Type  H <return>  for immediate help.
 ...                                              
                                                  
l.196 ...ter]{2025_04_01_ea720b93e8ebb5d0c6aeg-03}
                                                  
Try typing  <return>  to proceed.
If that doesn't work, type  X <return>  to quit.

<./images/2025_04_01_ea720b93e8ebb5d0c6aeg-03.jpg, id=109, 447.6725pt x 384.43625pt>
File: ./images/2025_04_01_ea720b93e8ebb5d0c6aeg-03.jpg Graphic file (type jpg)
<use ./images/2025_04_01_ea720b93e8ebb5d0c6aeg-03.jpg>
Package pdftex.def Info: ./images/2025_04_01_ea720b93e8ebb5d0c6aeg-03.jpg  used on input line 196.
(pdftex.def)             Requested size: 134.30278pt x 115.33176pt.


[3{/usr/share/texmf-dist/fonts/enc/dvips/cm-super/cm-super-ts1.enc} <./images/2025_04_01_ea720b93e8ebb5d0c6aeg-03.jpg>]
Underfull \hbox (badness 10000) in paragraph at lines 255--256

 []


./main.tex:260: Package keyval Error: center undefined.

See the keyval package documentation for explanation.
Type  H <return>  for immediate help.
 ...                                              
                                                  
l.260 ...ter]{2025_04_01_ea720b93e8ebb5d0c6aeg-05}
                                                  
Try typing  <return>  to proceed.
If that doesn't work, type  X <return>  to quit.

<./images/2025_04_01_ea720b93e8ebb5d0c6aeg-05.jpg, id=123, 305.14pt x 441.65pt>
File: ./images/2025_04_01_ea720b93e8ebb5d0c6aeg-05.jpg Graphic file (type jpg)
<use ./images/2025_04_01_ea720b93e8ebb5d0c6aeg-05.jpg>
Package pdftex.def Info: ./images/2025_04_01_ea720b93e8ebb5d0c6aeg-05.jpg  used on input line 260.
(pdftex.def)             Requested size: 91.5427pt x 132.49602pt.

./main.tex:267: Package keyval Error: center undefined.

See the keyval package documentation for explanation.
Type  H <return>  for immediate help.
 ...                                              
                                                  
l.267 ...]{2025_04_01_ea720b93e8ebb5d0c6aeg-05(1)}
                                                  
Try typing  <return>  to proceed.
If that doesn't work, type  X <return>  to quit.

<./images/2025_04_01_ea720b93e8ebb5d0c6aeg-05(1).jpg, id=124, 757.83125pt x 346.29375pt>
File: ./images/2025_04_01_ea720b93e8ebb5d0c6aeg-05(1).jpg Graphic file (type jpg)
<use ./images/2025_04_01_ea720b93e8ebb5d0c6aeg-05(1).jpg>
Package pdftex.def Info: ./images/2025_04_01_ea720b93e8ebb5d0c6aeg-05(1).jpg  used on input line 267.
(pdftex.def)             Requested size: 227.35112pt x 103.88892pt.


[4 <./images/2025_04_01_ea720b93e8ebb5d0c6aeg-05.jpg>]
Underfull \hbox (badness 10000) in paragraph at lines 312--313

 []


./main.tex:316: Package keyval Error: center undefined.

See the keyval package documentation for explanation.
Type  H <return>  for immediate help.
 ...                                              
                                                  
l.316 ...ter]{2025_04_01_ea720b93e8ebb5d0c6aeg-06}
                                                  
Try typing  <return>  to proceed.
If that doesn't work, type  X <return>  to quit.

<./images/2025_04_01_ea720b93e8ebb5d0c6aeg-06.jpg, id=135, 844.15375pt x 506.89375pt>
File: ./images/2025_04_01_ea720b93e8ebb5d0c6aeg-06.jpg Graphic file (type jpg)
<use ./images/2025_04_01_ea720b93e8ebb5d0c6aeg-06.jpg>
Package pdftex.def Info: ./images/2025_04_01_ea720b93e8ebb5d0c6aeg-06.jpg  used on input line 316.
(pdftex.def)             Requested size: 253.24808pt x 152.06929pt.


[5 <./images/2025_04_01_ea720b93e8ebb5d0c6aeg-05(1).jpg>]

./main.tex:337: Package keyval Error: center undefined.

See the keyval package documentation for explanation.
Type  H <return>  for immediate help.
 ...                                              
                                                  
l.337 ...]{2025_04_01_ea720b93e8ebb5d0c6aeg-07(1)}
                                                  
Try typing  <return>  to proceed.
If that doesn't work, type  X <return>  to quit.

<./images/2025_04_01_ea720b93e8ebb5d0c6aeg-07(1).jpg, id=142, 1143.27126pt x 700.6175pt>
File: ./images/2025_04_01_ea720b93e8ebb5d0c6aeg-07(1).jpg Graphic file (type jpg)
<use ./images/2025_04_01_ea720b93e8ebb5d0c6aeg-07(1).jpg>
Package pdftex.def Info: ./images/2025_04_01_ea720b93e8ebb5d0c6aeg-07(1).jpg  used on input line 337.
(pdftex.def)             Requested size: 342.98402pt x 210.18686pt.

Underfull \hbox (badness 10000) in paragraph at lines 341--342

 []


./main.tex:345: Package keyval Error: center undefined.

See the keyval package documentation for explanation.
Type  H <return>  for immediate help.
 ...                                              
                                                  
l.345 ...ter]{2025_04_01_ea720b93e8ebb5d0c6aeg-07}
                                                  
Try typing  <return>  to proceed.
If that doesn't work, type  X <return>  to quit.

<./images/2025_04_01_ea720b93e8ebb5d0c6aeg-07.jpg, id=143, 406.51875pt x 236.885pt>
File: ./images/2025_04_01_ea720b93e8ebb5d0c6aeg-07.jpg Graphic file (type jpg)
<use ./images/2025_04_01_ea720b93e8ebb5d0c6aeg-07.jpg>
Package pdftex.def Info: ./images/2025_04_01_ea720b93e8ebb5d0c6aeg-07.jpg  used on input line 345.
(pdftex.def)             Requested size: 121.95656pt x 71.06604pt.


[6 <./images/2025_04_01_ea720b93e8ebb5d0c6aeg-06.jpg> <./images/2025_04_01_ea720b93e8ebb5d0c6aeg-07(1).jpg>]

./main.tex:376: Package keyval Error: center undefined.

See the keyval package documentation for explanation.
Type  H <return>  for immediate help.
 ...                                              
                                                  
l.376 ...]{2025_04_01_ea720b93e8ebb5d0c6aeg-08(1)}
                                                  
Try typing  <return>  to proceed.
If that doesn't work, type  X <return>  to quit.

<./images/2025_04_01_ea720b93e8ebb5d0c6aeg-08(1).jpg, id=150, 775.89874pt x 229.85875pt>
File: ./images/2025_04_01_ea720b93e8ebb5d0c6aeg-08(1).jpg Graphic file (type jpg)
<use ./images/2025_04_01_ea720b93e8ebb5d0c6aeg-08(1).jpg>
Package pdftex.def Info: ./images/2025_04_01_ea720b93e8ebb5d0c6aeg-08(1).jpg  used on input line 376.
(pdftex.def)             Requested size: 232.77141pt x 68.95815pt.


[7 <./images/2025_04_01_ea720b93e8ebb5d0c6aeg-07.jpg> <./images/2025_04_01_ea720b93e8ebb5d0c6aeg-08(1).jpg>]
Underfull \hbox (badness 10000) in paragraph at lines 391--393

 []


./main.tex:396: Package keyval Error: center undefined.

See the keyval package documentation for explanation.
Type  H <return>  for immediate help.
 ...                                              
                                                  
l.396 ...ter]{2025_04_01_ea720b93e8ebb5d0c6aeg-08}
                                                  
Try typing  <return>  to proceed.
If that doesn't work, type  X <return>  to quit.

<./images/2025_04_01_ea720b93e8ebb5d0c6aeg-08.jpg, id=158, 325.215pt x 373.395pt>
File: ./images/2025_04_01_ea720b93e8ebb5d0c6aeg-08.jpg Graphic file (type jpg)
<use ./images/2025_04_01_ea720b93e8ebb5d0c6aeg-08.jpg>
Package pdftex.def Info: ./images/2025_04_01_ea720b93e8ebb5d0c6aeg-08.jpg  used on input line 396.
(pdftex.def)             Requested size: 97.56525pt x 112.01936pt.

./main.tex:404: Package keyval Error: center undefined.

See the keyval package documentation for explanation.
Type  H <return>  for immediate help.
 ...                                              
                                                  
l.404 ...ter]{2025_04_01_ea720b93e8ebb5d0c6aeg-09}
                                                  
Try typing  <return>  to proceed.
If that doesn't work, type  X <return>  to quit.

<./images/2025_04_01_ea720b93e8ebb5d0c6aeg-09.jpg, id=159, 420.57124pt x 528.97626pt>
File: ./images/2025_04_01_ea720b93e8ebb5d0c6aeg-09.jpg Graphic file (type jpg)
<use ./images/2025_04_01_ea720b93e8ebb5d0c6aeg-09.jpg>
Package pdftex.def Info: ./images/2025_04_01_ea720b93e8ebb5d0c6aeg-09.jpg  used on input line 404.
(pdftex.def)             Requested size: 126.17235pt x 158.69409pt.

Underfull \hbox (badness 10000) in paragraph at lines 400--406

 []


./main.tex:416: Package keyval Error: center undefined.

See the keyval package documentation for explanation.
Type  H <return>  for immediate help.
 ...                                              
                                                  
l.416 ...]{2025_04_01_ea720b93e8ebb5d0c6aeg-09(1)}
                                                  
Try typing  <return>  to proceed.
If that doesn't work, type  X <return>  to quit.

<./images/2025_04_01_ea720b93e8ebb5d0c6aeg-09(1).jpg, id=160, 1249.66875pt x 579.16376pt>
File: ./images/2025_04_01_ea720b93e8ebb5d0c6aeg-09(1).jpg Graphic file (type jpg)
<use ./images/2025_04_01_ea720b93e8ebb5d0c6aeg-09(1).jpg>
Package pdftex.def Info: ./images/2025_04_01_ea720b93e8ebb5d0c6aeg-09(1).jpg  used on input line 416.
(pdftex.def)             Requested size: 374.90352pt x 173.75046pt.


[8 <./images/2025_04_01_ea720b93e8ebb5d0c6aeg-08.jpg> <./images/2025_04_01_ea720b93e8ebb5d0c6aeg-09.jpg>]

./main.tex:436: Package keyval Error: center undefined.

See the keyval package documentation for explanation.
Type  H <return>  for immediate help.
 ...                                              
                                                  
l.436 ...udegraphics[scale = 0.40, center]{rieles}
                                                  
Try typing  <return>  to proceed.
If that doesn't work, type  X <return>  to quit.

<./images/rieles.png, id=168, 394.47375pt x 288.07625pt>
File: ./images/rieles.png Graphic file (type png)
<use ./images/rieles.png>
Package pdftex.def Info: ./images/rieles.png  used on input line 436.
(pdftex.def)             Requested size: 157.7867pt x 115.22844pt.


[9 <./images/2025_04_01_ea720b93e8ebb5d0c6aeg-09(1).jpg>]

./main.tex:442: Package keyval Error: center undefined.

See the keyval package documentation for explanation.
Type  H <return>  for immediate help.
 ...                                              
                                                  
l.442 ...ludegraphics[scale = 0.40, center]{rueda}
                                                  
Try typing  <return>  to proceed.
If that doesn't work, type  X <return>  to quit.

<./images/rueda.png, id=180, 258.9675pt x 348.30125pt>
File: ./images/rueda.png Graphic file (type png)
<use ./images/rueda.png>
Package pdftex.def Info: ./images/rueda.png  used on input line 442.
(pdftex.def)             Requested size: 103.58514pt x 139.31802pt.

./main.tex:447: Package keyval Error: center undefined.

See the keyval package documentation for explanation.
Type  H <return>  for immediate help.
 ...                                              
                                                  
l.447 ...raphics[scale = 0.40, center]{cronometro}
                                                  
Try typing  <return>  to proceed.
If that doesn't work, type  X <return>  to quit.

<./images/cronometro.png, id=181, 403.5075pt x 300.12125pt>
File: ./images/cronometro.png Graphic file (type png)
<use ./images/cronometro.png>
Package pdftex.def Info: ./images/cronometro.png  used on input line 447.
(pdftex.def)             Requested size: 161.40013pt x 120.04637pt.

./main.tex:452: Package keyval Error: center undefined.

See the keyval package documentation for explanation.
Type  H <return>  for immediate help.
 ...                                              
                                                  
l.452 ...degraphics[scale = 0.40, center]{vernier}
                                                  
Try typing  <return>  to proceed.
If that doesn't work, type  X <return>  to quit.

<./images/vernier.png, id=182, 566.115pt x 178.6675pt>
File: ./images/vernier.png Graphic file (type png)
<use ./images/vernier.png>
Package pdftex.def Info: ./images/vernier.png  used on input line 452.
(pdftex.def)             Requested size: 226.44199pt x 71.46573pt.

./main.tex:457: Package keyval Error: center undefined.

See the keyval package documentation for explanation.
Type  H <return>  for immediate help.
 ...                                              
                                                  
l.457 ...degraphics[scale = 0.40, center]{vernier}
                                                  
Try typing  <return>  to proceed.
If that doesn't work, type  X <return>  to quit.

File: ./images/vernier.png Graphic file (type png)
<use ./images/vernier.png>
Package pdftex.def Info: ./images/vernier.png  used on input line 457.
(pdftex.def)             Requested size: 226.44199pt x 71.46573pt.


[10 <./images/rieles.png> <./images/rueda.png> <./images/cronometro.png> <./images/vernier.png>]

./main.tex:462: Package keyval Error: center undefined.

See the keyval package documentation for explanation.
Type  H <return>  for immediate help.
 ...                                              
                                                  
l.462 ...degraphics[scale = 0.40, center]{balanza}
                                                  
Try typing  <return>  to proceed.
If that doesn't work, type  X <return>  to quit.

<./images/balanza.png, id=191, 478.78876pt x 332.24126pt>
File: ./images/balanza.png Graphic file (type png)
<use ./images/balanza.png>
Package pdftex.def Info: ./images/balanza.png  used on input line 462.
(pdftex.def)             Requested size: 191.5121pt x 132.89413pt.

./main.tex:467: Package keyval Error: center undefined.

See the keyval package documentation for explanation.
Type  H <return>  for immediate help.
 ...                                              
                                                  
l.467 ...ludegraphics[scale = 0.40, center]{nivel}
                                                  
Try typing  <return>  to proceed.
If that doesn't work, type  X <return>  to quit.

<./images/nivel.png, id=192, 454.69875pt x 336.25626pt>
File: ./images/nivel.png Graphic file (type png)
<use ./images/nivel.png>
Package pdftex.def Info: ./images/nivel.png  used on input line 467.
(pdftex.def)             Requested size: 181.87627pt x 134.5001pt.

./main.tex:474: Package keyval Error: center undefined.

See the keyval package documentation for explanation.
Type  H <return>  for immediate help.
 ...                                              
                                                  
l.474 ...egraphics[scale = 0.30, center]{Diagrama}
                                                  
Try typing  <return>  to proceed.
If that doesn't work, type  X <return>  to quit.

<./images/Diagrama.png, id=193, 1746.525pt x 970.62625pt>
File: ./images/Diagrama.png Graphic file (type png)
<use ./images/Diagrama.png>
Package pdftex.def Info: ./images/Diagrama.png  used on input line 474.
(pdftex.def)             Requested size: 523.96155pt x 291.19012pt.

Overfull \hbox (40.26468pt too wide) in paragraph at lines 474--475
 [][] 
 []


./main.tex:477: LaTeX Error: \begin{document} ended by \end{itemize}.

See the LaTeX manual or LaTeX Companion for explanation.
Type  H <return>  for immediate help.
 ...                                              
                                                  
l.477 \end{itemize}
                   
Your command was ignored.
Type  I <command> <return>  to replace it with another command,
or  <return>  to continue without it.

./main.tex:477: Extra \endgroup.
\end  ...end#1\endcsname \@checkend {#1}\endgroup 
                                                  \UseHook {env/#1/after}\if...
l.477 \end{itemize}
                   
Things are pretty mixed up, but I think the worst is over.



[11 <./images/balanza.png> <./images/nivel.png>]

[12 <./images/Diagrama.png>]

[13] (./main.aux)
 ***********
LaTeX2e <2024-11-01> patch level 2
L3 programming layer <2025-01-18>
 ***********
Package rerunfilecheck Info: File `main.out' has not changed.
(rerunfilecheck)             Checksum: 0F56567BCC7585D555D764D5F2739094;3021.
 ) 
Here is how much of TeX's memory you used:
 16972 strings out of 475171
 290545 string characters out of 5767096
 890667 words of memory out of 5000000
 39695 multiletter control sequences out of 15000+600000
 564544 words of font info for 57 fonts, out of 8000000 for 9000
 14 hyphenation exceptions out of 8191
 75i,21n,79p,1473b,532s stack positions out of 10000i,1000n,20000p,200000b,200000s
</usr/share/texmf-dist/fonts/type1/public/amsfonts/cm/cmbx10.pfb></usr/share/texmf-dist/fonts/type1/public/amsfonts/cm/cmbx12.pfb></usr/share/texmf-dist/fonts/type1/public/amsfonts/cm/cmcsc10.pfb></usr/share/texmf-dist/fonts/type1/public/amsfonts/cm/cmex10.pfb></usr/share/texmf-dist/fonts/type1/public/amsfonts/cm/cmmi10.pfb></usr/share/texmf-dist/fonts/type1/public/amsfonts/cm/cmmi5.pfb></usr/share/texmf-dist/fonts/type1/public/amsfonts/cm/cmmi7.pfb></usr/share/texmf-dist/fonts/type1/public/amsfonts/cm/cmr10.pfb></usr/share/texmf-dist/fonts/type1/public/amsfonts/cm/cmr12.pfb></usr/share/texmf-dist/fonts/type1/public/amsfonts/cm/cmr5.pfb></usr/share/texmf-dist/fonts/type1/public/amsfonts/cm/cmr7.pfb></usr/share/texmf-dist/fonts/type1/public/amsfonts/cm/cmr8.pfb></usr/share/texmf-dist/fonts/type1/public/amsfonts/cm/cmsy10.pfb></usr/share/texmf-dist/fonts/type1/public/amsfonts/cm/cmsy5.pfb></usr/share/texmf-dist/fonts/type1/public/amsfonts/cm/cmsy7.pfb></usr/share/texmf-dist/fonts/type1/public/amsfonts/cm/cmti12.pfb></usr/share/texmf-dist/fonts/type1/public/cm-super/sfrm1000.pfb>
Output written on main.pdf (13 pages, 2499847 bytes).
PDF statistics:
 299 PDF objects out of 1000 (max. 8388607)
 228 compressed objects within 3 object streams
 60 named destinations out of 1000 (max. 500000)
 227 words of extra memory for PDF output out of 10000 (max. 10000000)

